# JRE version: OpenJDK Runtime Environment (11.0.12+7) (build 11.0.12+7-b1504.28-7817840)
# Java VM: OpenJDK 64-Bit Server VM (11.0.12+7-b1504.28-7817840, mixed mode, tiered, compressed oops, g1 gc, windows-amd64)
Heap:
 garbage-first heap   total 644096K, used 270848K [0x0000000080000000, 0x0000000100000000)
  region size 1024K, 4 young (4096K), 4 survivors (4096K)
 Metaspace       used 146846K, capacity 151112K, committed 151244K, reserved 1181696K
  class space    used 18150K, capacity 19633K, committed 19660K, reserved 1048576K
GC Heap History (20 events):
Event: 2520.437 GC heap after
{Heap after GC invocations=65 (full 0):
 garbage-first heap   total 284672K, used 157012K [0x0000000080000000, 0x0000000100000000)
  region size 1024K, 2 young (2048K), 2 survivors (2048K)
 Metaspace       used 144647K, capacity 148904K, committed 149068K, reserved 1179648K
  class space    used 17936K, capacity 19424K, committed 19532K, reserved 1048576K
}
Event: 2521.545 GC heap before
{Heap before GC invocations=65 (full 0):
 garbage-first heap   total 284672K, used 229716K [0x0000000080000000, 0x0000000100000000)
  region size 1024K, 73 young (74752K), 2 survivors (2048K)
 Metaspace       used 144694K, capacity 148907K, committed 149068K, reserved 1179648K
  class space    used 17947K, capacity 19425K, committed 19532K, reserved 1048576K
}
Event: 2521.559 GC heap after
{Heap after GC invocations=66 (full 0):
 garbage-first heap   total 284672K, used 157610K [0x0000000080000000, 0x0000000100000000)
  region size 1024K, 3 young (3072K), 3 survivors (3072K)
 Metaspace       used 144694K, capacity 148907K, committed 149068K, reserved 1179648K
  class space    used 17947K, capacity 19425K, committed 19532K, reserved 1048576K
}
Event: 2522.550 GC heap before
{Heap before GC invocations=66 (full 0):
 garbage-first heap   total 284672K, used 231337K [0x0000000080000000, 0x0000000100000000)
  region size 1024K, 75 young (76800K), 3 survivors (3072K)
 Metaspace       used 145000K, capacity 149260K, committed 149580K, reserved 1179648K
  class space    used 17952K, capacity 19434K, committed 19532K, reserved 1048576K
}
Event: 2522.569 GC heap after
{Heap after GC invocations=67 (full 0):
 garbage-first heap   total 284672K, used 161030K [0x0000000080000000, 0x0000000100000000)
  region size 1024K, 6 young (6144K), 6 survivors (6144K)
 Metaspace       used 145000K, capacity 149260K, committed 149580K, reserved 1179648K
  class space    used 17952K, capacity 19434K, committed 19532K, reserved 1048576K
}
Event: 2523.352 GC heap before
{Heap before GC invocations=67 (full 0):
 garbage-first heap   total 284672K, used 234758K [0x0000000080000000, 0x0000000100000000)
  region size 1024K, 78 young (79872K), 6 survivors (6144K)
 Metaspace       used 145111K, capacity 149328K, committed 149580K, reserved 1179648K
  class space    used 17964K, capacity 19435K, committed 19532K, reserved 1048576K
}
Event: 2523.369 GC heap after
{Heap after GC invocations=68 (full 0):
 garbage-first heap   total 284672K, used 161623K [0x0000000080000000, 0x0000000100000000)
  region size 1024K, 6 young (6144K), 6 survivors (6144K)
 Metaspace       used 145111K, capacity 149328K, committed 149580K, reserved 1179648K
  class space    used 17964K, capacity 19435K, committed 19532K, reserved 1048576K
}
Event: 2524.200 GC heap before
{Heap before GC invocations=68 (full 0):
 garbage-first heap   total 284672K, used 236375K [0x0000000080000000, 0x0000000100000000)
  region size 1024K, 79 young (80896K), 6 survivors (6144K)
 Metaspace       used 145173K, capacity 149445K, committed 149580K, reserved 1179648K
  class space    used 17974K, capacity 19474K, committed 19532K, reserved 1048576K
}
Event: 2524.218 GC heap after
{Heap after GC invocations=69 (full 0):
 garbage-first heap   total 348160K, used 160661K [0x0000000080000000, 0x0000000100000000)
  region size 1024K, 5 young (5120K), 5 survivors (5120K)
 Metaspace       used 145173K, capacity 149445K, committed 149580K, reserved 1179648K
  class space    used 17974K, capacity 19474K, committed 19532K, reserved 1048576K
}
Event: 2526.215 GC heap before
{Heap before GC invocations=69 (full 0):
 garbage-first heap   total 348160K, used 277397K [0x0000000080000000, 0x0000000100000000)
  region size 1024K, 110 young (112640K), 5 survivors (5120K)
 Metaspace       used 145561K, capacity 149850K, committed 150092K, reserved 1179648K
  class space    used 18013K, capacity 19490K, committed 19532K, reserved 1048576K
}
Event: 2526.225 GC heap after
{Heap after GC invocations=70 (full 0):
 garbage-first heap   total 348160K, used 174711K [0x0000000080000000, 0x0000000100000000)
  region size 1024K, 9 young (9216K), 9 survivors (9216K)
 Metaspace       used 145561K, capacity 149850K, committed 150092K, reserved 1179648K
  class space    used 18013K, capacity 19490K, committed 19532K, reserved 1048576K
}
Event: 2528.005 GC heap before
{Heap before GC invocations=70 (full 0):
 garbage-first heap   total 348160K, used 302711K [0x0000000080000000, 0x0000000100000000)
  region size 1024K, 107 young (109568K), 9 survivors (9216K)
 Metaspace       used 146791K, capacity 151107K, committed 151244K, reserved 1181696K
  class space    used 18150K, capacity 19633K, committed 19660K, reserved 1048576K
}
Event: 2528.174 GC heap after
{Heap after GC invocations=71 (full 0):
 garbage-first heap   total 350208K, used 224206K [0x0000000080000000, 0x0000000100000000)
  region size 1024K, 14 young (14336K), 14 survivors (14336K)
 Metaspace       used 146791K, capacity 151107K, committed 151244K, reserved 1181696K
  class space    used 18150K, capacity 19633K, committed 19660K, reserved 1048576K
}
Event: 2528.239 GC heap before
{Heap before GC invocations=71 (full 0):
 garbage-first heap   total 350208K, used 228302K [0x0000000080000000, 0x0000000100000000)
  region size 1024K, 19 young (19456K), 14 survivors (14336K)
 Metaspace       used 146801K, capacity 151110K, committed 151244K, reserved 1181696K
  class space    used 18150K, capacity 19633K, committed 19660K, reserved 1048576K
}
Event: 2528.355 GC heap after
{Heap after GC invocations=72 (full 0):
 garbage-first heap   total 350208K, used 227840K [0x0000000080000000, 0x0000000100000000)
  region size 1024K, 3 young (3072K), 3 survivors (3072K)
 Metaspace       used 146801K, capacity 151110K, committed 151244K, reserved 1181696K
  class space    used 18150K, capacity 19633K, committed 19660K, reserved 1048576K
}
Event: 2528.702 GC heap before
{Heap before GC invocations=72 (full 0):
 garbage-first heap   total 350208K, used 264704K [0x0000000080000000, 0x0000000100000000)
  region size 1024K, 39 young (39936K), 3 survivors (3072K)
 Metaspace       used 146822K, capacity 151112K, committed 151244K, reserved 1181696K
  class space    used 18150K, capacity 19633K, committed 19660K, reserved 1048576K
}
Event: 2528.744 GC heap after
{Heap after GC invocations=73 (full 0):
 garbage-first heap   total 350208K, used 246272K [0x0000000080000000, 0x0000000100000000)
  region size 1024K, 5 young (5120K), 5 survivors (5120K)
 Metaspace       used 146822K, capacity 151112K, committed 151244K, reserved 1181696K
  class space    used 18150K, capacity 19633K, committed 19660K, reserved 1048576K
}
Event: 2528.897 GC heap before
{Heap before GC invocations=73 (full 0):
 garbage-first heap   total 350208K, used 275968K [0x0000000080000000, 0x0000000100000000)
  region size 1024K, 34 young (34816K), 5 survivors (5120K)
 Metaspace       used 146845K, capacity 151112K, committed 151244K, reserved 1181696K
  class space    used 18150K, capacity 19633K, committed 19660K, reserved 1048576K
}
Event: 2528.946 GC heap after
{Heap after GC invocations=74 (full 0):
 garbage-first heap   total 350208K, used 260608K [0x0000000080000000, 0x0000000100000000)
  region size 1024K, 5 young (5120K), 5 survivors (5120K)
 Metaspace       used 146845K, capacity 151112K, committed 151244K, reserved 1181696K
  class space    used 18150K, capacity 19633K, committed 19660K, reserved 1048576K
}
Event: 2529.207 GC heap before
{Heap before GC invocations=74 (full 0):
 garbage-first heap   total 350208K, used 283136K [0x0000000080000000, 0x0000000100000000)
  region size 1024K, 28 young (28672K), 5 survivors (5120K)
 Metaspace       used 146846K, capacity 151112K, committed 151244K, reserved 1181696K
  class space    used 18150K, capacity 19633K, committed 19660K, reserved 1048576K
}

